[2025-Jan-31 21:25:13.246 +07:00][22878:22878][info ] Logging initialized
[2025-Jan-31 21:25:13.246 +07:00][22878:22878][info ] Initializing krisp SDK...
[2025-Jan-31 21:25:13.246 +07:00][22878:22878][info ] DoKrispInitialize
[2025-Jan-31 21:25:13.619 +07:00][22878:22878][info ] LoadDynamicKrisp
[2025-Jan-31 21:25:13.619 +07:00][22878:22878][info ] Did not find KRISP_DYLIB_PATH, skipping dynamic loading
[2025-Jan-31 21:25:13.619 +07:00][22878:22878][info ] Initializing Krisp SDK in PID 22878, addr 0x7df92ff906f0
[2025-Jan-31 21:25:13.793 +07:00][22878:22878][info ] Initialized Krisp SDK successfully
[2025-Jan-31 21:25:13.793 +07:00][22878:22878][info ] Krisp SDK initialized
[2025-Feb-01 21:41:03.917 +07:00][24992:24992][info ] Logging initialized
[2025-Feb-01 21:41:03.917 +07:00][24992:24992][info ] Initializing krisp SDK...
[2025-Feb-01 21:41:03.917 +07:00][24992:24992][info ] DoKrispInitialize
[2025-Feb-01 21:41:04.229 +07:00][24992:24992][info ] LoadDynamicKrisp
[2025-Feb-01 21:41:04.229 +07:00][24992:24992][info ] Did not find KRISP_DYLIB_PATH, skipping dynamic loading
[2025-Feb-01 21:41:04.229 +07:00][24992:24992][info ] Initializing Krisp SDK in PID 24992, addr 0x7bf5f09906f0
[2025-Feb-01 21:41:04.442 +07:00][24992:24992][info ] Initialized Krisp SDK successfully
[2025-Feb-01 21:41:04.442 +07:00][24992:24992][info ] Krisp SDK initialized
[2025-Feb-03 10:13:16.333 +07:00][ 2528: 2528][info ] Logging initialized
[2025-Feb-03 10:13:16.333 +07:00][ 2528: 2528][info ] Initializing krisp SDK...
[2025-Feb-03 10:13:16.333 +07:00][ 2528: 2528][info ] DoKrispInitialize
[2025-Feb-03 10:13:16.619 +07:00][ 2528: 2528][info ] LoadDynamicKrisp
[2025-Feb-03 10:13:16.619 +07:00][ 2528: 2528][info ] Did not find KRISP_DYLIB_PATH, skipping dynamic loading
[2025-Feb-03 10:13:16.619 +07:00][ 2528: 2528][info ] Initializing Krisp SDK in PID 2528, addr 0x7641c6f906f0
[2025-Feb-03 10:13:16.802 +07:00][ 2528: 2528][info ] Initialized Krisp SDK successfully
[2025-Feb-03 10:13:16.802 +07:00][ 2528: 2528][info ] Krisp SDK initialized
